mode: atomic
github.com/seeis/sensor-app/sensor/sensors/cpu.go:11.98,12.30 1 4
github.com/seeis/sensor-app/sensor/sensors/cpu.go:21.2,21.17 1 2
github.com/seeis/sensor-app/sensor/sensors/cpu.go:12.30,13.48 1 4
github.com/seeis/sensor-app/sensor/sensors/cpu.go:17.3,19.37 2 2
github.com/seeis/sensor-app/sensor/sensors/cpu.go:13.48,14.12 1 2
github.com/seeis/sensor-app/sensor/sensors/cpu.go:24.59,27.33 2 2
github.com/seeis/sensor-app/sensor/sensors/cpu.go:31.2,31.18 1 2
github.com/seeis/sensor-app/sensor/sensors/cpu.go:27.33,29.3 1 1
